\BOOKMARK [1][-]{section.1}{1 Introduction}{}% 1
\BOOKMARK [1][-]{section.2}{2 Data set}{}% 2
\BOOKMARK [1][-]{section.3}{3 Multivariate amplitude distributions}{}% 3
\BOOKMARK [2][-]{subsection.3.1}{3.1 Key concepts}{section.3}% 4
\BOOKMARK [2][-]{subsection.3.2}{3.2 Non-stationarity}{section.3}% 5
\BOOKMARK [2][-]{subsection.3.3}{3.3 Choice of amplitude in each of the epochs}{section.3}% 6
\BOOKMARK [1][-]{section.4}{4 Returns time series simulations}{}% 7
\BOOKMARK [2][-]{subsection.4.1}{4.1 Simulation of Gaussian ... \(check name\)}{section.4}% 8
\BOOKMARK [3][-]{subsubsection.4.1.1}{4.1.1 Stock pairs simulation}{subsection.4.1}% 9
\BOOKMARK [2][-]{subsection.4.2}{4.2 Simulation of algebraic ... \(check name\)}{section.4}% 10
\BOOKMARK [1][-]{section.5}{5 Exact multivariate amplitude distributions}{}% 11
\BOOKMARK [2][-]{subsection.5.1}{5.1 General considerations}{section.5}% 12
\BOOKMARK [2][-]{subsection.5.2}{5.2 Four cases distributions}{section.5}% 13
\BOOKMARK [2][-]{subsection.5.3}{5.3 Graphical representations}{section.5}% 14
\BOOKMARK [1][-]{section.6}{6 Comparison with empirical portfolio returns}{}% 15
\BOOKMARK [2][-]{subsection.6.1}{6.1 Response functions on trade time scale}{section.6}% 16
\BOOKMARK [2][-]{subsection.6.2}{6.2 Response functions on physical time scale}{section.6}% 17
\BOOKMARK [1][-]{section.7}{7 Conclusion}{}% 18
\BOOKMARK [1][-]{section.8}{8 Author contribution statement}{}% 19
\BOOKMARK [1][-]{appendix.A}{Appendix A S\046P 500 stocks used to compare the distributions}{}% 20
